mode: count
github.com/slawomirskowron/metrics-governor/internal/limits/config.go:58.47,60.16 2 5
github.com/slawomirskowron/metrics-governor/internal/limits/config.go:60.16,62.3 1 1
github.com/slawomirskowron/metrics-governor/internal/limits/config.go:64.2,65.51 2 4
github.com/slawomirskowron/metrics-governor/internal/limits/config.go:65.51,67.3 1 1
github.com/slawomirskowron/metrics-governor/internal/limits/config.go:70.2,70.25 1 3
github.com/slawomirskowron/metrics-governor/internal/limits/config.go:70.25,74.3 1 2
github.com/slawomirskowron/metrics-governor/internal/limits/config.go:75.2,75.31 1 3
github.com/slawomirskowron/metrics-governor/internal/limits/config.go:75.31,77.3 1 0
github.com/slawomirskowron/metrics-governor/internal/limits/config.go:80.2,80.27 1 3
github.com/slawomirskowron/metrics-governor/internal/limits/config.go:80.27,83.24 2 3
github.com/slawomirskowron/metrics-governor/internal/limits/config.go:83.24,85.4 1 2
github.com/slawomirskowron/metrics-governor/internal/limits/config.go:87.3,87.34 1 3
github.com/slawomirskowron/metrics-governor/internal/limits/config.go:87.34,89.49 1 3
github.com/slawomirskowron/metrics-governor/internal/limits/config.go:89.49,91.19 2 2
github.com/slawomirskowron/metrics-governor/internal/limits/config.go:91.19,93.6 1 1
github.com/slawomirskowron/metrics-governor/internal/limits/config.go:94.5,94.29 1 1
github.com/slawomirskowron/metrics-governor/internal/limits/config.go:100.2,100.18 1 2
github.com/slawomirskowron/metrics-governor/internal/limits/config.go:104.40,106.22 2 37
github.com/slawomirskowron/metrics-governor/internal/limits/config.go:106.22,107.35 1 294
github.com/slawomirskowron/metrics-governor/internal/limits/config.go:107.35,108.15 1 3776
github.com/slawomirskowron/metrics-governor/internal/limits/config.go:108.15,110.5 1 33
github.com/slawomirskowron/metrics-governor/internal/limits/config.go:113.2,113.14 1 4
github.com/slawomirskowron/metrics-governor/internal/limits/config.go:117.54,118.30 1 32
github.com/slawomirskowron/metrics-governor/internal/limits/config.go:118.30,120.3 1 3
github.com/slawomirskowron/metrics-governor/internal/limits/config.go:122.2,122.26 1 29
github.com/slawomirskowron/metrics-governor/internal/limits/config.go:122.26,124.3 1 27
github.com/slawomirskowron/metrics-governor/internal/limits/config.go:126.2,126.41 1 2
github.com/slawomirskowron/metrics-governor/internal/limits/config.go:130.61,131.30 1 23
github.com/slawomirskowron/metrics-governor/internal/limits/config.go:131.30,133.3 1 14
github.com/slawomirskowron/metrics-governor/internal/limits/config.go:135.2,135.43 1 9
github.com/slawomirskowron/metrics-governor/internal/limits/config.go:135.43,137.14 2 13
github.com/slawomirskowron/metrics-governor/internal/limits/config.go:137.14,139.4 1 1
github.com/slawomirskowron/metrics-governor/internal/limits/config.go:140.3,140.41 1 12
github.com/slawomirskowron/metrics-governor/internal/limits/config.go:140.41,142.4 1 3
github.com/slawomirskowron/metrics-governor/internal/limits/config.go:145.2,145.13 1 5
github.com/slawomirskowron/metrics-governor/internal/limits/config.go:149.74,151.2 1 25
github.com/slawomirskowron/metrics-governor/internal/limits/enforcer.go:63.57,77.2 1 12
github.com/slawomirskowron/metrics-governor/internal/limits/enforcer.go:81.103,82.21 1 13
github.com/slawomirskowron/metrics-governor/internal/limits/enforcer.go:82.21,84.3 1 1
github.com/slawomirskowron/metrics-governor/internal/limits/enforcer.go:86.2,88.37 2 12
github.com/slawomirskowron/metrics-governor/internal/limits/enforcer.go:88.37,91.24 3 12
github.com/slawomirskowron/metrics-governor/internal/limits/enforcer.go:91.24,93.4 1 10
github.com/slawomirskowron/metrics-governor/internal/limits/enforcer.go:96.2,96.15 1 12
github.com/slawomirskowron/metrics-governor/internal/limits/enforcer.go:99.134,102.37 2 12
github.com/slawomirskowron/metrics-governor/internal/limits/enforcer.go:102.37,105.32 2 12
github.com/slawomirskowron/metrics-governor/internal/limits/enforcer.go:105.32,107.29 2 12
github.com/slawomirskowron/metrics-governor/internal/limits/enforcer.go:107.29,109.5 1 10
github.com/slawomirskowron/metrics-governor/internal/limits/enforcer.go:112.3,112.31 1 12
github.com/slawomirskowron/metrics-governor/internal/limits/enforcer.go:112.31,118.4 2 10
github.com/slawomirskowron/metrics-governor/internal/limits/enforcer.go:121.2,121.36 1 12
github.com/slawomirskowron/metrics-governor/internal/limits/enforcer.go:121.36,123.3 1 2
github.com/slawomirskowron/metrics-governor/internal/limits/enforcer.go:125.2,128.3 1 10
github.com/slawomirskowron/metrics-governor/internal/limits/enforcer.go:131.106,136.17 3 12
github.com/slawomirskowron/metrics-governor/internal/limits/enforcer.go:136.17,138.3 1 1
github.com/slawomirskowron/metrics-governor/internal/limits/enforcer.go:141.2,144.43 2 11
github.com/slawomirskowron/metrics-governor/internal/limits/enforcer.go:144.43,147.16 3 0
github.com/slawomirskowron/metrics-governor/internal/limits/enforcer.go:147.16,149.4 1 0
github.com/slawomirskowron/metrics-governor/internal/limits/enforcer.go:150.3,150.11 1 0
github.com/slawomirskowron/metrics-governor/internal/limits/enforcer.go:154.2,156.15 2 11
github.com/slawomirskowron/metrics-governor/internal/limits/enforcer.go:156.15,159.3 2 7
github.com/slawomirskowron/metrics-governor/internal/limits/enforcer.go:162.2,162.68 1 4
github.com/slawomirskowron/metrics-governor/internal/limits/enforcer.go:165.88,166.32 1 16
github.com/slawomirskowron/metrics-governor/internal/limits/enforcer.go:166.32,168.39 2 21
github.com/slawomirskowron/metrics-governor/internal/limits/enforcer.go:168.39,170.4 1 14
github.com/slawomirskowron/metrics-governor/internal/limits/enforcer.go:172.2,172.12 1 2
github.com/slawomirskowron/metrics-governor/internal/limits/enforcer.go:175.107,177.27 1 13
github.com/slawomirskowron/metrics-governor/internal/limits/enforcer.go:177.27,183.23 4 2
github.com/slawomirskowron/metrics-governor/internal/limits/enforcer.go:183.23,185.4 1 2
github.com/slawomirskowron/metrics-governor/internal/limits/enforcer.go:187.3,187.38 1 2
github.com/slawomirskowron/metrics-governor/internal/limits/enforcer.go:187.38,188.36 1 3
github.com/slawomirskowron/metrics-governor/internal/limits/enforcer.go:188.36,190.5 1 3
github.com/slawomirskowron/metrics-governor/internal/limits/enforcer.go:192.3,192.34 1 2
github.com/slawomirskowron/metrics-governor/internal/limits/enforcer.go:196.2,196.15 1 11
github.com/slawomirskowron/metrics-governor/internal/limits/enforcer.go:199.67,203.54 3 11
github.com/slawomirskowron/metrics-governor/internal/limits/enforcer.go:203.54,204.46 1 0
github.com/slawomirskowron/metrics-governor/internal/limits/enforcer.go:204.46,205.33 1 0
github.com/slawomirskowron/metrics-governor/internal/limits/enforcer.go:205.33,207.5 1 0
github.com/slawomirskowron/metrics-governor/internal/limits/enforcer.go:210.2,210.14 1 11
github.com/slawomirskowron/metrics-governor/internal/limits/enforcer.go:213.155,221.42 5 11
github.com/slawomirskowron/metrics-governor/internal/limits/enforcer.go:221.42,226.3 1 6
github.com/slawomirskowron/metrics-governor/internal/limits/enforcer.go:227.2,230.29 2 11
github.com/slawomirskowron/metrics-governor/internal/limits/enforcer.go:230.29,237.3 5 0
github.com/slawomirskowron/metrics-governor/internal/limits/enforcer.go:240.2,240.39 1 11
github.com/slawomirskowron/metrics-governor/internal/limits/enforcer.go:240.39,245.3 1 6
github.com/slawomirskowron/metrics-governor/internal/limits/enforcer.go:246.2,251.32 4 11
github.com/slawomirskowron/metrics-governor/internal/limits/enforcer.go:251.32,254.54 3 31
github.com/slawomirskowron/metrics-governor/internal/limits/enforcer.go:254.54,256.4 1 21
github.com/slawomirskowron/metrics-governor/internal/limits/enforcer.go:260.2,266.34 5 11
github.com/slawomirskowron/metrics-governor/internal/limits/enforcer.go:266.34,269.33 2 7
github.com/slawomirskowron/metrics-governor/internal/limits/enforcer.go:269.33,272.55 3 23
github.com/slawomirskowron/metrics-governor/internal/limits/enforcer.go:272.55,275.5 2 6
github.com/slawomirskowron/metrics-governor/internal/limits/enforcer.go:277.3,278.19 2 7
github.com/slawomirskowron/metrics-governor/internal/limits/enforcer.go:282.2,282.18 1 4
github.com/slawomirskowron/metrics-governor/internal/limits/enforcer.go:282.18,284.3 1 3
github.com/slawomirskowron/metrics-governor/internal/limits/enforcer.go:285.2,285.32 1 1
github.com/slawomirskowron/metrics-governor/internal/limits/enforcer.go:288.152,305.21 4 4
github.com/slawomirskowron/metrics-governor/internal/limits/enforcer.go:306.17,309.11 2 1
github.com/slawomirskowron/metrics-governor/internal/limits/enforcer.go:311.18,314.15 2 3
github.com/slawomirskowron/metrics-governor/internal/limits/enforcer.go:314.15,316.4 1 1
github.com/slawomirskowron/metrics-governor/internal/limits/enforcer.go:317.3,317.13 1 2
github.com/slawomirskowron/metrics-governor/internal/limits/enforcer.go:319.22,321.85 1 0
github.com/slawomirskowron/metrics-governor/internal/limits/enforcer.go:323.10,324.11 1 0
github.com/slawomirskowron/metrics-governor/internal/limits/enforcer.go:328.172,333.15 4 0
github.com/slawomirskowron/metrics-governor/internal/limits/enforcer.go:333.15,335.3 1 0
github.com/slawomirskowron/metrics-governor/internal/limits/enforcer.go:338.2,345.31 3 0
github.com/slawomirskowron/metrics-governor/internal/limits/enforcer.go:345.31,351.3 1 0
github.com/slawomirskowron/metrics-governor/internal/limits/enforcer.go:354.2,354.29 1 0
github.com/slawomirskowron/metrics-governor/internal/limits/enforcer.go:354.29,355.44 1 0
github.com/slawomirskowron/metrics-governor/internal/limits/enforcer.go:355.44,357.4 1 0
github.com/slawomirskowron/metrics-governor/internal/limits/enforcer.go:358.8,359.44 1 0
github.com/slawomirskowron/metrics-governor/internal/limits/enforcer.go:359.44,361.4 1 0
github.com/slawomirskowron/metrics-governor/internal/limits/enforcer.go:365.2,366.56 2 0
github.com/slawomirskowron/metrics-governor/internal/limits/enforcer.go:366.56,368.3 1 0
github.com/slawomirskowron/metrics-governor/internal/limits/enforcer.go:368.8,368.39 1 0
github.com/slawomirskowron/metrics-governor/internal/limits/enforcer.go:368.39,370.3 1 0
github.com/slawomirskowron/metrics-governor/internal/limits/enforcer.go:372.2,372.17 1 0
github.com/slawomirskowron/metrics-governor/internal/limits/enforcer.go:372.17,374.3 1 0
github.com/slawomirskowron/metrics-governor/internal/limits/enforcer.go:377.2,381.46 3 0
github.com/slawomirskowron/metrics-governor/internal/limits/enforcer.go:381.46,383.3 1 0
github.com/slawomirskowron/metrics-governor/internal/limits/enforcer.go:385.2,385.35 1 0
github.com/slawomirskowron/metrics-governor/internal/limits/enforcer.go:385.35,386.24 1 0
github.com/slawomirskowron/metrics-governor/internal/limits/enforcer.go:386.24,387.9 1 0
github.com/slawomirskowron/metrics-governor/internal/limits/enforcer.go:391.3,394.30 3 0
github.com/slawomirskowron/metrics-governor/internal/limits/enforcer.go:394.30,396.4 1 0
github.com/slawomirskowron/metrics-governor/internal/limits/enforcer.go:396.9,398.4 1 0
github.com/slawomirskowron/metrics-governor/internal/limits/enforcer.go:400.3,406.5 1 0
github.com/slawomirskowron/metrics-governor/internal/limits/enforcer.go:410.2,411.55 2 0
github.com/slawomirskowron/metrics-governor/internal/limits/enforcer.go:411.55,413.3 1 0
github.com/slawomirskowron/metrics-governor/internal/limits/enforcer.go:416.2,418.22 2 0
github.com/slawomirskowron/metrics-governor/internal/limits/enforcer.go:418.22,420.15 2 0
github.com/slawomirskowron/metrics-governor/internal/limits/enforcer.go:420.15,422.4 1 0
github.com/slawomirskowron/metrics-governor/internal/limits/enforcer.go:423.3,423.13 1 0
github.com/slawomirskowron/metrics-governor/internal/limits/enforcer.go:427.2,428.10 2 0
github.com/slawomirskowron/metrics-governor/internal/limits/enforcer.go:431.61,435.61 3 4
github.com/slawomirskowron/metrics-governor/internal/limits/enforcer.go:435.61,437.3 1 4
github.com/slawomirskowron/metrics-governor/internal/limits/enforcer.go:438.2,438.62 1 4
github.com/slawomirskowron/metrics-governor/internal/limits/enforcer.go:438.62,440.3 1 4
github.com/slawomirskowron/metrics-governor/internal/limits/enforcer.go:442.2,442.16 1 4
github.com/slawomirskowron/metrics-governor/internal/limits/enforcer.go:443.25,444.51 1 1
github.com/slawomirskowron/metrics-governor/internal/limits/enforcer.go:445.21,446.52 1 3
github.com/slawomirskowron/metrics-governor/internal/limits/enforcer.go:450.76,454.60 3 3
github.com/slawomirskowron/metrics-governor/internal/limits/enforcer.go:454.60,456.3 1 3
github.com/slawomirskowron/metrics-governor/internal/limits/enforcer.go:457.2,457.60 1 3
github.com/slawomirskowron/metrics-governor/internal/limits/enforcer.go:460.59,464.59 3 8
github.com/slawomirskowron/metrics-governor/internal/limits/enforcer.go:464.59,466.3 1 6
github.com/slawomirskowron/metrics-governor/internal/limits/enforcer.go:467.2,467.59 1 8
github.com/slawomirskowron/metrics-governor/internal/limits/enforcer.go:470.68,474.56 3 0
github.com/slawomirskowron/metrics-governor/internal/limits/enforcer.go:474.56,476.3 1 0
github.com/slawomirskowron/metrics-governor/internal/limits/enforcer.go:477.2,477.56 1 0
github.com/slawomirskowron/metrics-governor/internal/limits/enforcer.go:481.70,488.61 5 1
github.com/slawomirskowron/metrics-governor/internal/limits/enforcer.go:488.61,490.3 1 0
github.com/slawomirskowron/metrics-governor/internal/limits/enforcer.go:493.2,495.62 3 1
github.com/slawomirskowron/metrics-governor/internal/limits/enforcer.go:495.62,497.3 1 0
github.com/slawomirskowron/metrics-governor/internal/limits/enforcer.go:500.2,502.60 3 1
github.com/slawomirskowron/metrics-governor/internal/limits/enforcer.go:502.60,504.3 1 0
github.com/slawomirskowron/metrics-governor/internal/limits/enforcer.go:507.2,509.59 3 1
github.com/slawomirskowron/metrics-governor/internal/limits/enforcer.go:509.59,511.3 1 1
github.com/slawomirskowron/metrics-governor/internal/limits/enforcer.go:514.2,516.56 3 1
github.com/slawomirskowron/metrics-governor/internal/limits/enforcer.go:516.56,518.3 1 0
github.com/slawomirskowron/metrics-governor/internal/limits/enforcer.go:521.2,526.36 5 1
github.com/slawomirskowron/metrics-governor/internal/limits/enforcer.go:526.36,528.3 1 1
github.com/slawomirskowron/metrics-governor/internal/limits/enforcer.go:530.2,532.36 3 1
github.com/slawomirskowron/metrics-governor/internal/limits/enforcer.go:532.36,534.3 1 1
github.com/slawomirskowron/metrics-governor/internal/limits/enforcer.go:536.2,538.36 3 1
github.com/slawomirskowron/metrics-governor/internal/limits/enforcer.go:538.36,540.3 1 1
github.com/slawomirskowron/metrics-governor/internal/limits/enforcer.go:542.2,544.45 3 1
github.com/slawomirskowron/metrics-governor/internal/limits/enforcer.go:544.45,546.3 1 0
github.com/slawomirskowron/metrics-governor/internal/limits/enforcer.go:551.70,553.27 2 50
github.com/slawomirskowron/metrics-governor/internal/limits/enforcer.go:553.27,554.22 1 24
github.com/slawomirskowron/metrics-governor/internal/limits/enforcer.go:554.22,555.49 1 24
github.com/slawomirskowron/metrics-governor/internal/limits/enforcer.go:555.49,557.5 1 22
github.com/slawomirskowron/metrics-governor/internal/limits/enforcer.go:560.2,560.15 1 50
github.com/slawomirskowron/metrics-governor/internal/limits/enforcer.go:563.74,566.28 2 13
github.com/slawomirskowron/metrics-governor/internal/limits/enforcer.go:567.31,568.41 1 0
github.com/slawomirskowron/metrics-governor/internal/limits/enforcer.go:568.41,570.4 1 0
github.com/slawomirskowron/metrics-governor/internal/limits/enforcer.go:571.29,572.39 1 13
github.com/slawomirskowron/metrics-governor/internal/limits/enforcer.go:572.39,574.4 1 37
github.com/slawomirskowron/metrics-governor/internal/limits/enforcer.go:575.35,576.45 1 0
github.com/slawomirskowron/metrics-governor/internal/limits/enforcer.go:576.45,578.4 1 0
github.com/slawomirskowron/metrics-governor/internal/limits/enforcer.go:579.46,580.56 1 0
github.com/slawomirskowron/metrics-governor/internal/limits/enforcer.go:580.56,582.4 1 0
github.com/slawomirskowron/metrics-governor/internal/limits/enforcer.go:583.33,584.43 1 0
github.com/slawomirskowron/metrics-governor/internal/limits/enforcer.go:584.43,586.4 1 0
github.com/slawomirskowron/metrics-governor/internal/limits/enforcer.go:589.2,589.17 1 13
github.com/slawomirskowron/metrics-governor/internal/limits/enforcer.go:592.47,593.28 1 26
github.com/slawomirskowron/metrics-governor/internal/limits/enforcer.go:594.31,595.33 1 1
github.com/slawomirskowron/metrics-governor/internal/limits/enforcer.go:596.29,597.31 1 23
github.com/slawomirskowron/metrics-governor/internal/limits/enforcer.go:598.35,599.37 1 1
github.com/slawomirskowron/metrics-governor/internal/limits/enforcer.go:600.46,601.48 1 0
github.com/slawomirskowron/metrics-governor/internal/limits/enforcer.go:602.33,603.35 1 1
github.com/slawomirskowron/metrics-governor/internal/limits/enforcer.go:605.2,605.10 1 0
github.com/slawomirskowron/metrics-governor/internal/limits/enforcer.go:608.59,610.22 2 57
github.com/slawomirskowron/metrics-governor/internal/limits/enforcer.go:610.22,612.3 1 58
github.com/slawomirskowron/metrics-governor/internal/limits/enforcer.go:613.2,613.22 1 57
github.com/slawomirskowron/metrics-governor/internal/limits/enforcer.go:613.22,615.3 1 13
github.com/slawomirskowron/metrics-governor/internal/limits/enforcer.go:616.2,616.15 1 57
github.com/slawomirskowron/metrics-governor/internal/limits/enforcer.go:619.53,620.21 1 57
github.com/slawomirskowron/metrics-governor/internal/limits/enforcer.go:620.21,622.3 1 1
github.com/slawomirskowron/metrics-governor/internal/limits/enforcer.go:623.2,624.23 2 56
github.com/slawomirskowron/metrics-governor/internal/limits/enforcer.go:624.23,626.3 1 67
github.com/slawomirskowron/metrics-governor/internal/limits/enforcer.go:627.2,630.25 3 56
github.com/slawomirskowron/metrics-governor/internal/limits/enforcer.go:630.25,632.3 1 67
github.com/slawomirskowron/metrics-governor/internal/limits/enforcer.go:633.2,633.33 1 56
